#
# A fatal error has been detected by the Java Runtime Environment:
#
#  EXCEPTION_ACCESS_VIOLATION (0xc0000005) at pc=0x5b855d6d, pid=3548, tid=0x000015a8
#
# JRE version: Java(TM) SE Runtime Environment (8.0_271-b09) (build 1.8.0_271-b09)
# Java VM: Java HotSpot(TM) Client VM (25.271-b09 mixed mode windows-x86 )
# Problematic frame:
# V  [jvm.dll+0x165d6d]
#
# Failed to write core dump. Minidumps are not enabled by default on client versions of Windows
#
# If you would like to submit a bug report, please visit:
#   http://bugreport.java.com/bugreport/crash.jsp
#

---------------  T H R E A D  ---------------

Current thread (0x1466c800):  JavaThread "surefire-forkedjvm-last-ditch-daemon-shutdown-thread-30s" daemon [_thread_in_vm, id=5544, stack(0x14860000,0x148b0000)]

siginfo: ExceptionCode=0xc0000005, writing address 0x148ac760

Registers:
EAX=0x00003000, EBX=0x1466c800, ECX=0x148ac760, EDX=0x00000006
ESP=0x148af76c, EBP=0x148af808, ESI=0x00000004, EDI=0x148af760
EIP=0x5b855d6d, EFLAGS=0x00010206

Top of Stack: (sp=0x148af76c)
0x148af76c:   1466c800 148af8d4 1456fb88 13e26630
0x148af77c:   13e26630 13e24b40 1466c800 13e24b40
0x148af78c:   1466c800 1466c800 148af780 145a95c0
0x148af79c:   00000005 1466c800 148af808 5b7799bf
0x148af7ac:   13e26630 13e26630 13e24b40 1466c800
0x148af7bc:   13e24b40 1466c800 00000005 5b7799cf
0x148af7cc:   148af964 148af814 1456fb88 00380000
0x148af7dc:   77bb5bc3 000000da 02cc000e 00000377 

Instructions: (pc=0x5b855d6d)
0x5b855d4d:   45 e8 39 35 70 9e a5 5b 7c 27 8b f8 8d a4 24 00
0x5b855d5d:   00 00 00 e8 fb cd 06 00 0f af c6 8b cf 46 2b c8
0x5b855d6d:   c7 01 00 00 00 00 3b 35 70 9e a5 5b 7e e5 8b 7d
0x5b855d7d:   10 8b 45 08 53 50 ff 75 f0 8d 45 f4 83 ec 08 8b 


Register to memory mapping:

EAX=0x00003000 is an unknown value
EBX=0x1466c800 is a thread
ECX=0x148ac760 is pointing into the stack for thread: 0x1466c800
EDX=0x00000006 is an unknown value
ESP=0x148af76c is pointing into the stack for thread: 0x1466c800
EBP=0x148af808 is pointing into the stack for thread: 0x1466c800
ESI=0x00000004 is an unknown value
EDI=0x148af760 is pointing into the stack for thread: 0x1466c800


Stack: [0x14860000,0x148b0000],  sp=0x148af76c,  free space=317k
